# JRE version: OpenJDK Runtime Environment (11.0.10) (build 11.0.10+0-b96-7249189)
# Java VM: OpenJDK 64-Bit Server VM (11.0.10+0-b96-7249189, mixed mode, tiered, compressed oops, g1 gc, windows-amd64)
Heap:
 garbage-first heap   total 262144K, used 190302K [0x0000000080000000, 0x0000000100000000)
  region size 1024K, 44 young (45056K), 8 survivors (8192K)
 Metaspace       used 131123K, capacity 134935K, committed 135448K, reserved 1167360K
  class space    used 16337K, capacity 17743K, committed 18048K, reserved 1048576K
GC Heap History (20 events):
Event: 395.108 GC heap before
{Heap before GC invocations=30 (full 0):
 garbage-first heap   total 262144K, used 218366K [0x0000000080000000, 0x0000000100000000)
  region size 1024K, 80 young (81920K), 2 survivors (2048K)
 Metaspace       used 125805K, capacity 129526K, committed 130584K, reserved 1163264K
  class space    used 15997K, capacity 17388K, committed 17792K, reserved 1048576K
}
Event: 395.111 GC heap after
{Heap after GC invocations=31 (full 0):
 garbage-first heap   total 262144K, used 140619K [0x0000000080000000, 0x0000000100000000)
  region size 1024K, 3 young (3072K), 3 survivors (3072K)
 Metaspace       used 125805K, capacity 129526K, committed 130584K, reserved 1163264K
  class space    used 15997K, capacity 17388K, committed 17792K, reserved 1048576K
}
Event: 447.623 GC heap before
{Heap before GC invocations=31 (full 0):
 garbage-first heap   total 262144K, used 158027K [0x0000000080000000, 0x0000000100000000)
  region size 1024K, 12 young (12288K), 3 survivors (3072K)
 Metaspace       used 125857K, capacity 129591K, committed 130584K, reserved 1163264K
  class space    used 15997K, capacity 17388K, committed 17792K, reserved 1048576K
}
Event: 447.631 GC heap after
{Heap after GC invocations=32 (full 0):
 garbage-first heap   total 262144K, used 130534K [0x0000000080000000, 0x0000000100000000)
  region size 1024K, 1 young (1024K), 1 survivors (1024K)
 Metaspace       used 125857K, capacity 129591K, committed 130584K, reserved 1163264K
  class space    used 15997K, capacity 17388K, committed 17792K, reserved 1048576K
}
Event: 892.927 GC heap before
{Heap before GC invocations=32 (full 0):
 garbage-first heap   total 262144K, used 174566K [0x0000000080000000, 0x0000000100000000)
  region size 1024K, 46 young (47104K), 1 survivors (1024K)
 Metaspace       used 126328K, capacity 130069K, committed 130840K, reserved 1163264K
  class space    used 16023K, capacity 17404K, committed 17792K, reserved 1048576K
}
Event: 892.947 GC heap after
{Heap after GC invocations=33 (full 0):
 garbage-first heap   total 262144K, used 134435K [0x0000000080000000, 0x0000000100000000)
  region size 1024K, 5 young (5120K), 5 survivors (5120K)
 Metaspace       used 126328K, capacity 130069K, committed 130840K, reserved 1163264K
  class space    used 16023K, capacity 17404K, committed 17792K, reserved 1048576K
}
Event: 894.039 GC heap before
{Heap before GC invocations=34 (full 0):
 garbage-first heap   total 262144K, used 231715K [0x0000000080000000, 0x0000000100000000)
  region size 1024K, 84 young (86016K), 5 survivors (5120K)
 Metaspace       used 127660K, capacity 131456K, committed 132248K, reserved 1163264K
  class space    used 16146K, capacity 17566K, committed 17920K, reserved 1048576K
}
Event: 894.047 GC heap after
{Heap after GC invocations=35 (full 0):
 garbage-first heap   total 262144K, used 136372K [0x0000000080000000, 0x0000000100000000)
  region size 1024K, 7 young (7168K), 7 survivors (7168K)
 Metaspace       used 127660K, capacity 131456K, committed 132248K, reserved 1163264K
  class space    used 16146K, capacity 17566K, committed 17920K, reserved 1048576K
}
Event: 894.103 GC heap before
{Heap before GC invocations=35 (full 0):
 garbage-first heap   total 262144K, used 141492K [0x0000000080000000, 0x0000000100000000)
  region size 1024K, 12 young (12288K), 7 survivors (7168K)
 Metaspace       used 127849K, capacity 131659K, committed 132504K, reserved 1163264K
  class space    used 16171K, capacity 17570K, committed 17920K, reserved 1048576K
}
Event: 894.110 GC heap after
{Heap after GC invocations=36 (full 0):
 garbage-first heap   total 262144K, used 136457K [0x0000000080000000, 0x0000000100000000)
  region size 1024K, 1 young (1024K), 1 survivors (1024K)
 Metaspace       used 127849K, capacity 131659K, committed 132504K, reserved 1163264K
  class space    used 16171K, capacity 17570K, committed 17920K, reserved 1048576K
}
Event: 896.499 GC heap before
{Heap before GC invocations=36 (full 0):
 garbage-first heap   total 262144K, used 217353K [0x0000000080000000, 0x0000000100000000)
  region size 1024K, 81 young (82944K), 1 survivors (1024K)
 Metaspace       used 129067K, capacity 132806K, committed 133528K, reserved 1165312K
  class space    used 16283K, capacity 17676K, committed 17920K, reserved 1048576K
}
Event: 896.509 GC heap after
{Heap after GC invocations=37 (full 0):
 garbage-first heap   total 262144K, used 139372K [0x0000000080000000, 0x0000000100000000)
  region size 1024K, 4 young (4096K), 4 survivors (4096K)
 Metaspace       used 129067K, capacity 132806K, committed 133528K, reserved 1165312K
  class space    used 16283K, capacity 17676K, committed 17920K, reserved 1048576K
}
Event: 898.137 GC heap before
{Heap before GC invocations=38 (full 0):
 garbage-first heap   total 262144K, used 225388K [0x0000000080000000, 0x0000000100000000)
  region size 1024K, 83 young (84992K), 4 survivors (4096K)
 Metaspace       used 129736K, capacity 133591K, committed 134424K, reserved 1165312K
  class space    used 16303K, capacity 17719K, committed 18048K, reserved 1048576K
}
Event: 898.144 GC heap after
{Heap after GC invocations=39 (full 0):
 garbage-first heap   total 262144K, used 143534K [0x0000000080000000, 0x0000000100000000)
  region size 1024K, 6 young (6144K), 6 survivors (6144K)
 Metaspace       used 129736K, capacity 133591K, committed 134424K, reserved 1165312K
  class space    used 16303K, capacity 17719K, committed 18048K, reserved 1048576K
}
Event: 898.156 GC heap before
{Heap before GC invocations=39 (full 0):
 garbage-first heap   total 262144K, used 148654K [0x0000000080000000, 0x0000000100000000)
  region size 1024K, 12 young (12288K), 6 survivors (6144K)
 Metaspace       used 129748K, capacity 133593K, committed 134424K, reserved 1165312K
  class space    used 16303K, capacity 17719K, committed 18048K, reserved 1048576K
}
Event: 898.167 GC heap after
{Heap after GC invocations=40 (full 0):
 garbage-first heap   total 262144K, used 135783K [0x0000000080000000, 0x0000000100000000)
  region size 1024K, 2 young (2048K), 2 survivors (2048K)
 Metaspace       used 129748K, capacity 133593K, committed 134424K, reserved 1165312K
  class space    used 16303K, capacity 17719K, committed 18048K, reserved 1048576K
}
Event: 898.698 GC heap before
{Heap before GC invocations=40 (full 0):
 garbage-first heap   total 262144K, used 208487K [0x0000000080000000, 0x0000000100000000)
  region size 1024K, 74 young (75776K), 2 survivors (2048K)
 Metaspace       used 130528K, capacity 134334K, committed 134936K, reserved 1167360K
  class space    used 16313K, capacity 17723K, committed 18048K, reserved 1048576K
}
Event: 898.719 GC heap after
{Heap after GC invocations=41 (full 0):
 garbage-first heap   total 262144K, used 143462K [0x0000000080000000, 0x0000000100000000)
  region size 1024K, 9 young (9216K), 9 survivors (9216K)
 Metaspace       used 130528K, capacity 134334K, committed 134936K, reserved 1167360K
  class space    used 16313K, capacity 17723K, committed 18048K, reserved 1048576K
}
Event: 899.295 GC heap before
{Heap before GC invocations=42 (full 0):
 garbage-first heap   total 262144K, used 183398K [0x0000000080000000, 0x0000000100000000)
  region size 1024K, 48 young (49152K), 9 survivors (9216K)
 Metaspace       used 130883K, capacity 134682K, committed 135192K, reserved 1167360K
  class space    used 16318K, capacity 17730K, committed 18048K, reserved 1048576K
}
Event: 899.304 GC heap after
{Heap after GC invocations=43 (full 0):
 garbage-first heap   total 262144K, used 143198K [0x0000000080000000, 0x0000000100000000)
  region size 1024K, 8 young (8192K), 8 survivors (8192K)
 Metaspace       used 130883K, capacity 134682K, committed 135192K, reserved 1167360K
  class space    used 16318K, capacity 17730K, committed 18048K, reserved 1048576K
}

