# JRE version: OpenJDK Runtime Environment (11.0.10) (build 11.0.10+0-b96-7249189)
# Java VM: OpenJDK 64-Bit Server VM (11.0.10+0-b96-7249189, mixed mode, tiered, compressed oops, g1 gc, windows-amd64)
Heap:
 garbage-first heap   total 262144K, used 126309K [0x0000000080000000, 0x0000000100000000)
  region size 1024K, 101 young (103424K), 20 survivors (20480K)
 Metaspace       used 63747K, capacity 65418K, committed 65612K, reserved 1105920K
  class space    used 8077K, capacity 8687K, committed 8780K, reserved 1048576K
GC Heap History (14 events):
Event: 0.874 GC heap before
{Heap before GC invocations=0 (full 0):
 garbage-first heap   total 262144K, used 29696K [0x0000000080000000, 0x0000000100000000)
  region size 1024K, 24 young (24576K), 0 survivors (0K)
 Metaspace       used 10166K, capacity 10405K, committed 10624K, reserved 1058816K
  class space    used 1060K, capacity 1107K, committed 1152K, reserved 1048576K
}
Event: 0.879 GC heap after
{Heap after GC invocations=1 (full 0):
 garbage-first heap   total 262144K, used 9551K [0x0000000080000000, 0x0000000100000000)
  region size 1024K, 3 young (3072K), 3 survivors (3072K)
 Metaspace       used 10166K, capacity 10405K, committed 10624K, reserved 1058816K
  class space    used 1060K, capacity 1107K, committed 1152K, reserved 1048576K
}
Event: 2.799 GC heap before
{Heap before GC invocations=1 (full 0):
 garbage-first heap   total 262144K, used 75087K [0x0000000080000000, 0x0000000100000000)
  region size 1024K, 67 young (68608K), 3 survivors (3072K)
 Metaspace       used 16863K, capacity 17342K, committed 17536K, reserved 1064960K
  class space    used 1940K, capacity 2087K, committed 2176K, reserved 1048576K
}
Event: 2.805 GC heap after
{Heap after GC invocations=2 (full 0):
 garbage-first heap   total 262144K, used 15645K [0x0000000080000000, 0x0000000100000000)
  region size 1024K, 9 young (9216K), 9 survivors (9216K)
 Metaspace       used 16863K, capacity 17342K, committed 17536K, reserved 1064960K
  class space    used 1940K, capacity 2087K, committed 2176K, reserved 1048576K
}
Event: 3.173 GC heap before
{Heap before GC invocations=2 (full 0):
 garbage-first heap   total 262144K, used 46365K [0x0000000080000000, 0x0000000100000000)
  region size 1024K, 40 young (40960K), 9 survivors (9216K)
 Metaspace       used 20581K, capacity 21104K, committed 21248K, reserved 1067008K
  class space    used 2505K, capacity 2690K, committed 2816K, reserved 1048576K
}
Event: 3.180 GC heap after
{Heap after GC invocations=3 (full 0):
 garbage-first heap   total 262144K, used 16815K [0x0000000080000000, 0x0000000100000000)
  region size 1024K, 2 young (2048K), 2 survivors (2048K)
 Metaspace       used 20581K, capacity 21104K, committed 21248K, reserved 1067008K
  class space    used 2505K, capacity 2690K, committed 2816K, reserved 1048576K
}
Event: 4.040 GC heap before
{Heap before GC invocations=4 (full 0):
 garbage-first heap   total 262144K, used 88495K [0x0000000080000000, 0x0000000100000000)
  region size 1024K, 72 young (73728K), 2 survivors (2048K)
 Metaspace       used 27506K, capacity 28211K, committed 28288K, reserved 1073152K
  class space    used 3644K, capacity 3894K, committed 3968K, reserved 1048576K
}
Event: 4.044 GC heap after
{Heap after GC invocations=5 (full 0):
 garbage-first heap   total 262144K, used 18946K [0x0000000080000000, 0x0000000100000000)
  region size 1024K, 4 young (4096K), 4 survivors (4096K)
 Metaspace       used 27506K, capacity 28211K, committed 28288K, reserved 1073152K
  class space    used 3644K, capacity 3894K, committed 3968K, reserved 1048576K
}
Event: 4.791 GC heap before
{Heap before GC invocations=5 (full 0):
 garbage-first heap   total 262144K, used 58882K [0x0000000080000000, 0x0000000100000000)
  region size 1024K, 44 young (45056K), 4 survivors (4096K)
 Metaspace       used 35045K, capacity 35838K, committed 35840K, reserved 1081344K
  class space    used 4540K, capacity 4864K, committed 4864K, reserved 1048576K
}
Event: 4.802 GC heap after
{Heap after GC invocations=6 (full 0):
 garbage-first heap   total 262144K, used 21955K [0x0000000080000000, 0x0000000100000000)
  region size 1024K, 7 young (7168K), 7 survivors (7168K)
 Metaspace       used 35045K, capacity 35838K, committed 35840K, reserved 1081344K
  class space    used 4540K, capacity 4864K, committed 4864K, reserved 1048576K
}
Event: 6.372 GC heap before
{Heap before GC invocations=7 (full 0):
 garbage-first heap   total 262144K, used 149955K [0x0000000080000000, 0x0000000100000000)
  region size 1024K, 129 young (132096K), 7 survivors (7168K)
 Metaspace       used 45060K, capacity 46175K, committed 46412K, reserved 1089536K
  class space    used 5789K, capacity 6190K, committed 6220K, reserved 1048576K
}
Event: 6.385 GC heap after
{Heap after GC invocations=8 (full 0):
 garbage-first heap   total 262144K, used 29221K [0x0000000080000000, 0x0000000100000000)
  region size 1024K, 14 young (14336K), 14 survivors (14336K)
 Metaspace       used 45060K, capacity 46175K, committed 46412K, reserved 1089536K
  class space    used 5789K, capacity 6190K, committed 6220K, reserved 1048576K
}
Event: 8.513 GC heap before
{Heap before GC invocations=8 (full 0):
 garbage-first heap   total 262144K, used 158245K [0x0000000080000000, 0x0000000100000000)
  region size 1024K, 139 young (142336K), 14 survivors (14336K)
 Metaspace       used 58674K, capacity 60086K, committed 60236K, reserved 1101824K
  class space    used 7427K, capacity 7969K, committed 8012K, reserved 1048576K
}
Event: 8.545 GC heap after
{Heap after GC invocations=9 (full 0):
 garbage-first heap   total 262144K, used 44389K [0x0000000080000000, 0x0000000100000000)
  region size 1024K, 20 young (20480K), 20 survivors (20480K)
 Metaspace       used 58674K, capacity 60086K, committed 60236K, reserved 1101824K
  class space    used 7427K, capacity 7969K, committed 8012K, reserved 1048576K
}

